<?xml version="1.0" encoding="UTF-8"?>
<!-- Generated by org.testng.reporters.JUnitXMLReporter -->
<testsuite ignored="0" hostname="MacBook-Air-2.local" failures="4" tests="4" name="All Test Classes" time="54.358" errors="0" timestamp="2025-09-20T16:05:30 IST">
  <testcase classname="mybharat.tests.HomePageTest" name="testExampleButtonClick" time="10.068">
    <failure type="org.openqa.selenium.NoSuchElementException" message="An element could not be located on the page using the given search parameters.
For documentation on this error, please visit: https://www.selenium.dev/documentation/webdriver/troubleshooting/errors#no-such-element-exception
Build info: version: &amp;apos;4.10.0&amp;apos;, revision: &amp;apos;c14d967899&amp;apos;
System info: os.name: &amp;apos;Mac OS X&amp;apos;, os.arch: &amp;apos;aarch64&amp;apos;, os.version: &amp;apos;26.0&amp;apos;, java.version: &amp;apos;23.0.1&amp;apos;
Driver info: io.appium.java_client.android.AndroidDriver
Command: [b23732e1-bb76-4d3c-a4d2-d3c86ea088df, findElement {using=id, value=com.gov.mybharat:id/example_button}]
Capabilities {appium:adbExecTimeout: 120000, appium:app: /Users/nisha/eclipse-worksp..., appium:appActivity: com.gov.mybharat.MainActivity, appium:appPackage: com.gov.mybharat, appium:automationName: UiAutomator2, appium:chromedriverExecutable: /opt/homebrew/bin/chromedriver, appium:databaseEnabled: false, appium:desired: {adbExecTimeout: 120000, app: /Users/nisha/eclipse-worksp..., appActivity: com.gov.mybharat.MainActivity, appPackage: com.gov.mybharat, automationName: UiAutomator2, chromedriverExecutable: /opt/homebrew/bin/chromedriver, deviceName: emulator-5554, newCommandTimeout: 300, noReset: true, platformName: ANDROID, platformVersion: 15}, appium:deviceApiLevel: 35, appium:deviceManufacturer: Google, appium:deviceModel: sdk_gphone64_arm64, appium:deviceName: emulator-5554, appium:deviceScreenDensity: 560, appium:deviceScreenSize: 1440x3120, appium:deviceUDID: emulator-5554, appium:javascriptEnabled: true, appium:locationContextEnabled: false, appium:networkConnectionEnabled: true, appium:newCommandTimeout: 300, appium:noReset: true, appium:pixelRatio: 3.5, appium:platformVersion: 15, appium:statBarHeight: 144, appium:takesScreenshot: true, appium:viewportRect: {height: 2976, left: 0, top: 144, width: 1440}, appium:warnings: {}, appium:webStorageEnabled: false, platformName: ANDROID}
Session ID: b23732e1-bb76-4d3c-a4d2-d3c86ea088df">
      <![CDATA[org.openqa.selenium.NoSuchElementException: An element could not be located on the page using the given search parameters.
For documentation on this error, please visit: https://www.selenium.dev/documentation/webdriver/troubleshooting/errors#no-such-element-exception
Build info: version: '4.10.0', revision: 'c14d967899'
System info: os.name: 'Mac OS X', os.arch: 'aarch64', os.version: '26.0', java.version: '23.0.1'
Driver info: io.appium.java_client.android.AndroidDriver
Command: [b23732e1-bb76-4d3c-a4d2-d3c86ea088df, findElement {using=id, value=com.gov.mybharat:id/example_button}]
Capabilities {appium:adbExecTimeout: 120000, appium:app: /Users/nisha/eclipse-worksp..., appium:appActivity: com.gov.mybharat.MainActivity, appium:appPackage: com.gov.mybharat, appium:automationName: UiAutomator2, appium:chromedriverExecutable: /opt/homebrew/bin/chromedriver, appium:databaseEnabled: false, appium:desired: {adbExecTimeout: 120000, app: /Users/nisha/eclipse-worksp..., appActivity: com.gov.mybharat.MainActivity, appPackage: com.gov.mybharat, automationName: UiAutomator2, chromedriverExecutable: /opt/homebrew/bin/chromedriver, deviceName: emulator-5554, newCommandTimeout: 300, noReset: true, platformName: ANDROID, platformVersion: 15}, appium:deviceApiLevel: 35, appium:deviceManufacturer: Google, appium:deviceModel: sdk_gphone64_arm64, appium:deviceName: emulator-5554, appium:deviceScreenDensity: 560, appium:deviceScreenSize: 1440x3120, appium:deviceUDID: emulator-5554, appium:javascriptEnabled: true, appium:locationContextEnabled: false, appium:networkConnectionEnabled: true, appium:newCommandTimeout: 300, appium:noReset: true, appium:pixelRatio: 3.5, appium:platformVersion: 15, appium:statBarHeight: 144, appium:takesScreenshot: true, appium:viewportRect: {height: 2976, left: 0, top: 144, width: 1440}, appium:warnings: {}, appium:webStorageEnabled: false, platformName: ANDROID}
Session ID: b23732e1-bb76-4d3c-a4d2-d3c86ea088df
at org.openqa.selenium.remote.codec.w3c.W3CHttpResponseCodec.createException(W3CHttpResponseCodec.java:199)
at org.openqa.selenium.remote.codec.w3c.W3CHttpResponseCodec.decode(W3CHttpResponseCodec.java:132)
at org.openqa.selenium.remote.codec.w3c.W3CHttpResponseCodec.decode(W3CHttpResponseCodec.java:51)
at org.openqa.selenium.remote.HttpCommandExecutor.execute(HttpCommandExecutor.java:191)
at io.appium.java_client.remote.AppiumCommandExecutor.execute(AppiumCommandExecutor.java:250)
at org.openqa.selenium.remote.RemoteWebDriver.execute(RemoteWebDriver.java:531)
at org.openqa.selenium.remote.ElementLocation$ElementFinder$2.findElement(ElementLocation.java:165)
at org.openqa.selenium.remote.ElementLocation.findElement(ElementLocation.java:66)
at org.openqa.selenium.remote.RemoteWebDriver.findElement(RemoteWebDriver.java:350)
at org.openqa.selenium.remote.RemoteWebDriver.findElement(RemoteWebDriver.java:344)
at mybharat.pages.HomePage.clickExampleButton(HomePage.java:25)
at mybharat.tests.HomePageTest.testExampleButtonClick(HomePageTest.java:15)
at java.base/java.util.ArrayList.forEach(ArrayList.java:1597)
... Removed 32 stack frames]]>
    </failure>
  </testcase> <!-- testExampleButtonClick -->
  <testcase classname="mybharat.tests.HomePageTest" name="testLongPressExampleButton" time="10.052">
    <failure type="org.openqa.selenium.NoSuchElementException" message="An element could not be located on the page using the given search parameters.
For documentation on this error, please visit: https://www.selenium.dev/documentation/webdriver/troubleshooting/errors#no-such-element-exception
Build info: version: &amp;apos;4.10.0&amp;apos;, revision: &amp;apos;c14d967899&amp;apos;
System info: os.name: &amp;apos;Mac OS X&amp;apos;, os.arch: &amp;apos;aarch64&amp;apos;, os.version: &amp;apos;26.0&amp;apos;, java.version: &amp;apos;23.0.1&amp;apos;
Driver info: io.appium.java_client.android.AndroidDriver
Command: [b23732e1-bb76-4d3c-a4d2-d3c86ea088df, findElement {using=id, value=com.gov.mybharat:id/example_button}]
Capabilities {appium:adbExecTimeout: 120000, appium:app: /Users/nisha/eclipse-worksp..., appium:appActivity: com.gov.mybharat.MainActivity, appium:appPackage: com.gov.mybharat, appium:automationName: UiAutomator2, appium:chromedriverExecutable: /opt/homebrew/bin/chromedriver, appium:databaseEnabled: false, appium:desired: {adbExecTimeout: 120000, app: /Users/nisha/eclipse-worksp..., appActivity: com.gov.mybharat.MainActivity, appPackage: com.gov.mybharat, automationName: UiAutomator2, chromedriverExecutable: /opt/homebrew/bin/chromedriver, deviceName: emulator-5554, newCommandTimeout: 300, noReset: true, platformName: ANDROID, platformVersion: 15}, appium:deviceApiLevel: 35, appium:deviceManufacturer: Google, appium:deviceModel: sdk_gphone64_arm64, appium:deviceName: emulator-5554, appium:deviceScreenDensity: 560, appium:deviceScreenSize: 1440x3120, appium:deviceUDID: emulator-5554, appium:javascriptEnabled: true, appium:locationContextEnabled: false, appium:networkConnectionEnabled: true, appium:newCommandTimeout: 300, appium:noReset: true, appium:pixelRatio: 3.5, appium:platformVersion: 15, appium:statBarHeight: 144, appium:takesScreenshot: true, appium:viewportRect: {height: 2976, left: 0, top: 144, width: 1440}, appium:warnings: {}, appium:webStorageEnabled: false, platformName: ANDROID}
Session ID: b23732e1-bb76-4d3c-a4d2-d3c86ea088df">
      <![CDATA[org.openqa.selenium.NoSuchElementException: An element could not be located on the page using the given search parameters.
For documentation on this error, please visit: https://www.selenium.dev/documentation/webdriver/troubleshooting/errors#no-such-element-exception
Build info: version: '4.10.0', revision: 'c14d967899'
System info: os.name: 'Mac OS X', os.arch: 'aarch64', os.version: '26.0', java.version: '23.0.1'
Driver info: io.appium.java_client.android.AndroidDriver
Command: [b23732e1-bb76-4d3c-a4d2-d3c86ea088df, findElement {using=id, value=com.gov.mybharat:id/example_button}]
Capabilities {appium:adbExecTimeout: 120000, appium:app: /Users/nisha/eclipse-worksp..., appium:appActivity: com.gov.mybharat.MainActivity, appium:appPackage: com.gov.mybharat, appium:automationName: UiAutomator2, appium:chromedriverExecutable: /opt/homebrew/bin/chromedriver, appium:databaseEnabled: false, appium:desired: {adbExecTimeout: 120000, app: /Users/nisha/eclipse-worksp..., appActivity: com.gov.mybharat.MainActivity, appPackage: com.gov.mybharat, automationName: UiAutomator2, chromedriverExecutable: /opt/homebrew/bin/chromedriver, deviceName: emulator-5554, newCommandTimeout: 300, noReset: true, platformName: ANDROID, platformVersion: 15}, appium:deviceApiLevel: 35, appium:deviceManufacturer: Google, appium:deviceModel: sdk_gphone64_arm64, appium:deviceName: emulator-5554, appium:deviceScreenDensity: 560, appium:deviceScreenSize: 1440x3120, appium:deviceUDID: emulator-5554, appium:javascriptEnabled: true, appium:locationContextEnabled: false, appium:networkConnectionEnabled: true, appium:newCommandTimeout: 300, appium:noReset: true, appium:pixelRatio: 3.5, appium:platformVersion: 15, appium:statBarHeight: 144, appium:takesScreenshot: true, appium:viewportRect: {height: 2976, left: 0, top: 144, width: 1440}, appium:warnings: {}, appium:webStorageEnabled: false, platformName: ANDROID}
Session ID: b23732e1-bb76-4d3c-a4d2-d3c86ea088df
at org.openqa.selenium.remote.codec.w3c.W3CHttpResponseCodec.createException(W3CHttpResponseCodec.java:199)
at org.openqa.selenium.remote.codec.w3c.W3CHttpResponseCodec.decode(W3CHttpResponseCodec.java:132)
at org.openqa.selenium.remote.codec.w3c.W3CHttpResponseCodec.decode(W3CHttpResponseCodec.java:51)
at org.openqa.selenium.remote.HttpCommandExecutor.execute(HttpCommandExecutor.java:191)
at io.appium.java_client.remote.AppiumCommandExecutor.execute(AppiumCommandExecutor.java:250)
at org.openqa.selenium.remote.RemoteWebDriver.execute(RemoteWebDriver.java:531)
at org.openqa.selenium.remote.ElementLocation$ElementFinder$2.findElement(ElementLocation.java:165)
at org.openqa.selenium.remote.ElementLocation.findElement(ElementLocation.java:59)
at org.openqa.selenium.remote.RemoteWebDriver.findElement(RemoteWebDriver.java:350)
at org.openqa.selenium.remote.RemoteWebDriver.findElement(RemoteWebDriver.java:344)
at mybharat.pages.HomePage.longPressExampleButton(HomePage.java:30)
at mybharat.tests.HomePageTest.testLongPressExampleButton(HomePageTest.java:24)
at java.base/java.util.ArrayList.forEach(ArrayList.java:1597)
... Removed 32 stack frames]]>
    </failure>
  </testcase> <!-- testLongPressExampleButton -->
  <testcase classname="mybharat.tests.SampleTest" name="testExampleButton" time="10.026">
    <failure type="org.openqa.selenium.NoSuchElementException" message="An element could not be located on the page using the given search parameters.
For documentation on this error, please visit: https://www.selenium.dev/documentation/webdriver/troubleshooting/errors#no-such-element-exception
Build info: version: &amp;apos;4.10.0&amp;apos;, revision: &amp;apos;c14d967899&amp;apos;
System info: os.name: &amp;apos;Mac OS X&amp;apos;, os.arch: &amp;apos;aarch64&amp;apos;, os.version: &amp;apos;26.0&amp;apos;, java.version: &amp;apos;23.0.1&amp;apos;
Driver info: io.appium.java_client.android.AndroidDriver
Command: [aca76f06-abcf-4423-b985-56f37c46c1da, findElement {using=id, value=com.example:id/button}]
Capabilities {appium:adbExecTimeout: 120000, appium:app: /Users/nisha/eclipse-worksp..., appium:appActivity: com.gov.mybharat.MainActivity, appium:appPackage: com.gov.mybharat, appium:automationName: UiAutomator2, appium:chromedriverExecutable: /opt/homebrew/bin/chromedriver, appium:databaseEnabled: false, appium:desired: {adbExecTimeout: 120000, app: /Users/nisha/eclipse-worksp..., appActivity: com.gov.mybharat.MainActivity, appPackage: com.gov.mybharat, automationName: UiAutomator2, chromedriverExecutable: /opt/homebrew/bin/chromedriver, deviceName: emulator-5554, newCommandTimeout: 300, noReset: true, platformName: ANDROID, platformVersion: 15}, appium:deviceApiLevel: 35, appium:deviceManufacturer: Google, appium:deviceModel: sdk_gphone64_arm64, appium:deviceName: emulator-5554, appium:deviceScreenDensity: 560, appium:deviceScreenSize: 1440x3120, appium:deviceUDID: emulator-5554, appium:javascriptEnabled: true, appium:locationContextEnabled: false, appium:networkConnectionEnabled: true, appium:newCommandTimeout: 300, appium:noReset: true, appium:pixelRatio: 3.5, appium:platformVersion: 15, appium:statBarHeight: 144, appium:takesScreenshot: true, appium:viewportRect: {height: 2976, left: 0, top: 144, width: 1440}, appium:warnings: {}, appium:webStorageEnabled: false, platformName: ANDROID}
Session ID: aca76f06-abcf-4423-b985-56f37c46c1da">
      <![CDATA[org.openqa.selenium.NoSuchElementException: An element could not be located on the page using the given search parameters.
For documentation on this error, please visit: https://www.selenium.dev/documentation/webdriver/troubleshooting/errors#no-such-element-exception
Build info: version: '4.10.0', revision: 'c14d967899'
System info: os.name: 'Mac OS X', os.arch: 'aarch64', os.version: '26.0', java.version: '23.0.1'
Driver info: io.appium.java_client.android.AndroidDriver
Command: [aca76f06-abcf-4423-b985-56f37c46c1da, findElement {using=id, value=com.example:id/button}]
Capabilities {appium:adbExecTimeout: 120000, appium:app: /Users/nisha/eclipse-worksp..., appium:appActivity: com.gov.mybharat.MainActivity, appium:appPackage: com.gov.mybharat, appium:automationName: UiAutomator2, appium:chromedriverExecutable: /opt/homebrew/bin/chromedriver, appium:databaseEnabled: false, appium:desired: {adbExecTimeout: 120000, app: /Users/nisha/eclipse-worksp..., appActivity: com.gov.mybharat.MainActivity, appPackage: com.gov.mybharat, automationName: UiAutomator2, chromedriverExecutable: /opt/homebrew/bin/chromedriver, deviceName: emulator-5554, newCommandTimeout: 300, noReset: true, platformName: ANDROID, platformVersion: 15}, appium:deviceApiLevel: 35, appium:deviceManufacturer: Google, appium:deviceModel: sdk_gphone64_arm64, appium:deviceName: emulator-5554, appium:deviceScreenDensity: 560, appium:deviceScreenSize: 1440x3120, appium:deviceUDID: emulator-5554, appium:javascriptEnabled: true, appium:locationContextEnabled: false, appium:networkConnectionEnabled: true, appium:newCommandTimeout: 300, appium:noReset: true, appium:pixelRatio: 3.5, appium:platformVersion: 15, appium:statBarHeight: 144, appium:takesScreenshot: true, appium:viewportRect: {height: 2976, left: 0, top: 144, width: 1440}, appium:warnings: {}, appium:webStorageEnabled: false, platformName: ANDROID}
Session ID: aca76f06-abcf-4423-b985-56f37c46c1da
at org.openqa.selenium.remote.codec.w3c.W3CHttpResponseCodec.createException(W3CHttpResponseCodec.java:199)
at org.openqa.selenium.remote.codec.w3c.W3CHttpResponseCodec.decode(W3CHttpResponseCodec.java:132)
at org.openqa.selenium.remote.codec.w3c.W3CHttpResponseCodec.decode(W3CHttpResponseCodec.java:51)
at org.openqa.selenium.remote.HttpCommandExecutor.execute(HttpCommandExecutor.java:191)
at io.appium.java_client.remote.AppiumCommandExecutor.execute(AppiumCommandExecutor.java:250)
at org.openqa.selenium.remote.RemoteWebDriver.execute(RemoteWebDriver.java:531)
at org.openqa.selenium.remote.ElementLocation$ElementFinder$2.findElement(ElementLocation.java:165)
at org.openqa.selenium.remote.ElementLocation.findElement(ElementLocation.java:66)
at org.openqa.selenium.remote.RemoteWebDriver.findElement(RemoteWebDriver.java:350)
at org.openqa.selenium.remote.RemoteWebDriver.findElement(RemoteWebDriver.java:344)
at mybharat.pages.SamplePage.clickExampleButton(SamplePage.java:18)
at mybharat.tests.SampleTest.testExampleButton(SampleTest.java:15)
at java.base/java.util.ArrayList.forEach(ArrayList.java:1597)
... Removed 32 stack frames]]>
    </failure>
  </testcase> <!-- testExampleButton -->
  <testcase classname="mybharat.tests.SampleTest" name="testFailureScreenshot" time="10.041">
    <failure type="org.openqa.selenium.NoSuchElementException" message="An element could not be located on the page using the given search parameters.
For documentation on this error, please visit: https://www.selenium.dev/documentation/webdriver/troubleshooting/errors#no-such-element-exception
Build info: version: &amp;apos;4.10.0&amp;apos;, revision: &amp;apos;c14d967899&amp;apos;
System info: os.name: &amp;apos;Mac OS X&amp;apos;, os.arch: &amp;apos;aarch64&amp;apos;, os.version: &amp;apos;26.0&amp;apos;, java.version: &amp;apos;23.0.1&amp;apos;
Driver info: io.appium.java_client.android.AndroidDriver
Command: [aca76f06-abcf-4423-b985-56f37c46c1da, findElement {using=id, value=com.example:id/button}]
Capabilities {appium:adbExecTimeout: 120000, appium:app: /Users/nisha/eclipse-worksp..., appium:appActivity: com.gov.mybharat.MainActivity, appium:appPackage: com.gov.mybharat, appium:automationName: UiAutomator2, appium:chromedriverExecutable: /opt/homebrew/bin/chromedriver, appium:databaseEnabled: false, appium:desired: {adbExecTimeout: 120000, app: /Users/nisha/eclipse-worksp..., appActivity: com.gov.mybharat.MainActivity, appPackage: com.gov.mybharat, automationName: UiAutomator2, chromedriverExecutable: /opt/homebrew/bin/chromedriver, deviceName: emulator-5554, newCommandTimeout: 300, noReset: true, platformName: ANDROID, platformVersion: 15}, appium:deviceApiLevel: 35, appium:deviceManufacturer: Google, appium:deviceModel: sdk_gphone64_arm64, appium:deviceName: emulator-5554, appium:deviceScreenDensity: 560, appium:deviceScreenSize: 1440x3120, appium:deviceUDID: emulator-5554, appium:javascriptEnabled: true, appium:locationContextEnabled: false, appium:networkConnectionEnabled: true, appium:newCommandTimeout: 300, appium:noReset: true, appium:pixelRatio: 3.5, appium:platformVersion: 15, appium:statBarHeight: 144, appium:takesScreenshot: true, appium:viewportRect: {height: 2976, left: 0, top: 144, width: 1440}, appium:warnings: {}, appium:webStorageEnabled: false, platformName: ANDROID}
Session ID: aca76f06-abcf-4423-b985-56f37c46c1da">
      <![CDATA[org.openqa.selenium.NoSuchElementException: An element could not be located on the page using the given search parameters.
For documentation on this error, please visit: https://www.selenium.dev/documentation/webdriver/troubleshooting/errors#no-such-element-exception
Build info: version: '4.10.0', revision: 'c14d967899'
System info: os.name: 'Mac OS X', os.arch: 'aarch64', os.version: '26.0', java.version: '23.0.1'
Driver info: io.appium.java_client.android.AndroidDriver
Command: [aca76f06-abcf-4423-b985-56f37c46c1da, findElement {using=id, value=com.example:id/button}]
Capabilities {appium:adbExecTimeout: 120000, appium:app: /Users/nisha/eclipse-worksp..., appium:appActivity: com.gov.mybharat.MainActivity, appium:appPackage: com.gov.mybharat, appium:automationName: UiAutomator2, appium:chromedriverExecutable: /opt/homebrew/bin/chromedriver, appium:databaseEnabled: false, appium:desired: {adbExecTimeout: 120000, app: /Users/nisha/eclipse-worksp..., appActivity: com.gov.mybharat.MainActivity, appPackage: com.gov.mybharat, automationName: UiAutomator2, chromedriverExecutable: /opt/homebrew/bin/chromedriver, deviceName: emulator-5554, newCommandTimeout: 300, noReset: true, platformName: ANDROID, platformVersion: 15}, appium:deviceApiLevel: 35, appium:deviceManufacturer: Google, appium:deviceModel: sdk_gphone64_arm64, appium:deviceName: emulator-5554, appium:deviceScreenDensity: 560, appium:deviceScreenSize: 1440x3120, appium:deviceUDID: emulator-5554, appium:javascriptEnabled: true, appium:locationContextEnabled: false, appium:networkConnectionEnabled: true, appium:newCommandTimeout: 300, appium:noReset: true, appium:pixelRatio: 3.5, appium:platformVersion: 15, appium:statBarHeight: 144, appium:takesScreenshot: true, appium:viewportRect: {height: 2976, left: 0, top: 144, width: 1440}, appium:warnings: {}, appium:webStorageEnabled: false, platformName: ANDROID}
Session ID: aca76f06-abcf-4423-b985-56f37c46c1da
at org.openqa.selenium.remote.codec.w3c.W3CHttpResponseCodec.createException(W3CHttpResponseCodec.java:199)
at org.openqa.selenium.remote.codec.w3c.W3CHttpResponseCodec.decode(W3CHttpResponseCodec.java:132)
at org.openqa.selenium.remote.codec.w3c.W3CHttpResponseCodec.decode(W3CHttpResponseCodec.java:51)
at org.openqa.selenium.remote.HttpCommandExecutor.execute(HttpCommandExecutor.java:191)
at io.appium.java_client.remote.AppiumCommandExecutor.execute(AppiumCommandExecutor.java:250)
at org.openqa.selenium.remote.RemoteWebDriver.execute(RemoteWebDriver.java:531)
at org.openqa.selenium.remote.ElementLocation$ElementFinder$2.findElement(ElementLocation.java:165)
at org.openqa.selenium.remote.ElementLocation.findElement(ElementLocation.java:59)
at org.openqa.selenium.remote.RemoteWebDriver.findElement(RemoteWebDriver.java:350)
at org.openqa.selenium.remote.RemoteWebDriver.findElement(RemoteWebDriver.java:344)
at mybharat.pages.SamplePage.longPressExampleButton(SamplePage.java:23)
at mybharat.tests.SampleTest.testFailureScreenshot(SampleTest.java:24)
at java.base/java.util.ArrayList.forEach(ArrayList.java:1597)
... Removed 32 stack frames]]>
    </failure>
  </testcase> <!-- testFailureScreenshot -->
</testsuite> <!-- All Test Classes -->
