<?xml version="1.0" encoding="UTF-8"?>
<testng-results ignored="0" total="2" passed="2" failed="0" skipped="0">
  <reporter-output>
  </reporter-output>
  <suite started-at="2025-09-22T11:12:07 IST" name="MY_Bharat_App Test Suite" finished-at="2025-09-22T11:12:35 IST" duration-ms="27331">
    <groups>
    </groups>
    <test started-at="2025-09-22T11:12:07 IST" name="All Test Classes" finished-at="2025-09-22T11:12:35 IST" duration-ms="27331">
      <class name="mybharat.tests.HomePageTest">
        <test-method is-config="true" signature="ensureDriverInitialized()[pri:0, instance:mybharat.tests.HomePageTest@42039326]" started-at="2025-09-22T11:12:23 IST" name="ensureDriverInitialized" finished-at="2025-09-22T11:12:23 IST" duration-ms="0" status="PASS">
          <reporter-output>
          </reporter-output>
        </test-method> <!-- ensureDriverInitialized -->
        <test-method signature="homePage_experientialLearningListing()[pri:1, instance:mybharat.tests.HomePageTest@42039326]" started-at="2025-09-22T11:12:23 IST" name="homePage_experientialLearningListing" description="Move to Experiential Learning Section and Swipe Down" finished-at="2025-09-22T11:12:35 IST" duration-ms="11228" status="PASS">
          <reporter-output>
          </reporter-output>
        </test-method> <!-- homePage_experientialLearningListing -->
      </class> <!-- mybharat.tests.HomePageTest -->
      <class name="mybharat.tests.SplashScreenTest">
        <test-method is-config="true" signature="globalSetUp()[pri:0, instance:mybharat.tests.SplashScreenTest@8ad6665]" started-at="2025-09-22T11:11:54 IST" name="globalSetUp" finished-at="2025-09-22T11:12:07 IST" duration-ms="13262" status="PASS">
          <reporter-output>
          </reporter-output>
        </test-method> <!-- globalSetUp -->
        <test-method is-config="true" signature="ensureDriverInitialized()[pri:0, instance:mybharat.tests.SplashScreenTest@8ad6665]" started-at="2025-09-22T11:12:07 IST" name="ensureDriverInitialized" finished-at="2025-09-22T11:12:07 IST" duration-ms="0" status="PASS">
          <reporter-output>
          </reporter-output>
        </test-method> <!-- ensureDriverInitialized -->
        <test-method signature="testSplashScreenFlow()[pri:1, instance:mybharat.tests.SplashScreenTest@8ad6665]" started-at="2025-09-22T11:12:07 IST" name="testSplashScreenFlow" description="Verify complete splash screen flow: headings, navigation, and Get Started" finished-at="2025-09-22T11:12:23 IST" duration-ms="16027" status="PASS">
          <reporter-output>
          </reporter-output>
        </test-method> <!-- testSplashScreenFlow -->
      </class> <!-- mybharat.tests.SplashScreenTest -->
    </test> <!-- All Test Classes -->
  </suite> <!-- MY_Bharat_App Test Suite -->
</testng-results>
