<?xml version="1.0" encoding="UTF-8"?>
<!-- Generated by org.testng.reporters.JUnitXMLReporter -->
<testsuite ignored="1" hostname="MacBook-Air-2.local" failures="0" tests="2" name="All Test Classes" time="27.331" errors="0" timestamp="2025-09-22T11:12:35 IST">
  <testcase classname="mybharat.tests.SplashScreenTest" name="testSplashScreenFlow" time="16.027"/>
  <testcase classname="mybharat.tests.HomePageTest" name="homePage_experientialLearningListing" time="11.228"/>
  <testcase classname="mybharat.BaseTest" name="@BeforeSuite globalSetUp" time="0.0">
    <ignored/>
  </testcase> <!-- @BeforeSuite globalSetUp -->
</testsuite> <!-- All Test Classes -->
